0 info it worked if it ends with ok
1 verbose cli [ '/usr/bin/nodejs', '/usr/bin/npm', 'publish' ]
2 info using npm@3.4.1
3 info using node@v4.2.2
4 verbose publish [ '.' ]
5 silly cache add args [ '.', null ]
6 verbose cache add spec .
7 silly cache add parsed spec Result {
7 silly cache add   raw: '.',
7 silly cache add   scope: null,
7 silly cache add   name: null,
7 silly cache add   rawSpec: '.',
7 silly cache add   spec: '/home/azevedo/code/nodes/node-swear',
7 silly cache add   type: 'directory' }
8 verbose addLocalDirectory /home/azevedo/.npm/node-swear/1.0.0/package.tgz not in flight; packing
9 info lifecycle node-swear@1.0.0~prepublish: node-swear@1.0.0
10 silly lifecycle node-swear@1.0.0~prepublish: no script for prepublish, continuing
11 verbose tar pack [ '/home/azevedo/.npm/node-swear/1.0.0/package.tgz',
11 verbose tar pack   '/home/azevedo/code/nodes/node-swear' ]
12 verbose tarball /home/azevedo/.npm/node-swear/1.0.0/package.tgz
13 verbose folder /home/azevedo/code/nodes/node-swear
14 verbose addLocalTarball adding from inside cache /home/azevedo/.npm/node-swear/1.0.0/package.tgz
15 silly cache afterAdd node-swear@1.0.0
16 verbose afterAdd /home/azevedo/.npm/node-swear/1.0.0/package/package.json not in flight; writing
17 verbose afterAdd /home/azevedo/.npm/node-swear/1.0.0/package/package.json written
18 silly publish { name: 'node-swear',
18 silly publish   version: '1.0.0',
18 silly publish   description: 'Transform node callback style (nodeback) functions into ES6 promise-return function',
18 silly publish   main: 'node-swear.js',
18 silly publish   directories: { test: 'test' },
18 silly publish   scripts: { test: 'echo "Error: no test specified" && exit 1' },
18 silly publish   repository:
18 silly publish    { type: 'git',
18 silly publish      url: 'git+https://github.com/neu-rah/node-swear.git' },
18 silly publish   keywords:
18 silly publish    [ 'ES6',
18 silly publish      'promise',
18 silly publish      'callback',
18 silly publish      'nodeback',
18 silly publish      'function',
18 silly publish      'transform' ],
18 silly publish   author:
18 silly publish    { name: 'Rui Azevedo',
18 silly publish      email: 'ruihfazevedo@gmail.com',
18 silly publish      url: 'http://www.r-site.net' },
18 silly publish   license: 'MIT',
18 silly publish   bugs: { url: 'https://github.com/neu-rah/node-swear/issues' },
18 silly publish   homepage: 'https://github.com/neu-rah/node-swear#readme',
18 silly publish   engines: { node: '>=4.2.2' },
18 silly publish   dependencies: { rbinder: '>=1.0.0' },
18 silly publish   readme: 'node-swear\n==========\n\nTransform node callback style (nodeback) functions into ES6 promise-return function\n\n```javascript\nvar swear=require("node-swear");\nvar fs=require("fs");\nswear(fs.readFile)("test/resources/test.txt")\n  .then(o=>log("Ok",o.toString()))\n  .catch(e=>log("Error",e));\n```\n\nor a more clean style\n\n```javascript\nvar swear=require("node-swear");\nvar fsReadFile=swear(fs.readFile);\n//...\nfsReadFile("test/resources/test.txt")\n  .then(o=>log("Ok",o.toString()))\n  .catch(e=>log("Error",e));\n```\n',
18 silly publish   readmeFilename: 'README.md',
18 silly publish   gitHead: '2c17d1ed080011e625ad87110dc00dee17454760',
18 silly publish   _id: 'node-swear@1.0.0',
18 silly publish   _shasum: 'cc4722aed30c2d7b540f126c56ba780353e3d13f',
18 silly publish   _from: '.' }
19 verbose getPublishConfig undefined
20 silly mapToRegistry name node-swear
21 silly mapToRegistry using default registry
22 silly mapToRegistry registry https://registry.npmjs.org/
23 silly mapToRegistry uri https://registry.npmjs.org/node-swear
24 verbose publish registryBase https://registry.npmjs.org/
25 silly publish uploading /home/azevedo/.npm/node-swear/1.0.0/package.tgz
26 verbose request uri https://registry.npmjs.org/node-swear
27 verbose request sending authorization for write operation
28 info attempt registry request try #1 at 19:33:12
29 verbose request using bearer token for auth
30 verbose request id 89d25a030ef0f9af
31 http request PUT https://registry.npmjs.org/node-swear
32 http 403 https://registry.npmjs.org/node-swear
33 verbose headers { 'content-type': 'application/json',
33 verbose headers   'cache-control': 'max-age=60',
33 verbose headers   'content-length': '95',
33 verbose headers   'accept-ranges': 'bytes',
33 verbose headers   date: 'Wed, 18 Nov 2015 20:33:14 GMT',
33 verbose headers   via: '1.1 varnish',
33 verbose headers   connection: 'keep-alive',
33 verbose headers   'x-served-by': 'cache-lhr6320-LHR',
33 verbose headers   'x-cache': 'MISS',
33 verbose headers   'x-cache-hits': '0',
33 verbose headers   'x-timer': 'S1447878793.375434,VS0,VE1013' }
34 verbose request invalidating /home/azevedo/.npm/registry.npmjs.org/node-swear on PUT
35 error publish Failed PUT 403
36 verbose stack Error: "You cannot publish over the previously published version 1.0.0." : node-swear
36 verbose stack     at makeError (/usr/lib/node_modules/npm/node_modules/npm-registry-client/lib/request.js:264:12)
36 verbose stack     at CachingRegistryClient.<anonymous> (/usr/lib/node_modules/npm/node_modules/npm-registry-client/lib/request.js:252:14)
36 verbose stack     at Request._callback (/usr/lib/node_modules/npm/node_modules/npm-registry-client/lib/request.js:172:14)
36 verbose stack     at Request.self.callback (/usr/lib/node_modules/npm/node_modules/request/request.js:198:22)
36 verbose stack     at emitTwo (events.js:87:13)
36 verbose stack     at Request.emit (events.js:172:7)
36 verbose stack     at Request.<anonymous> (/usr/lib/node_modules/npm/node_modules/request/request.js:1082:10)
36 verbose stack     at emitOne (events.js:82:20)
36 verbose stack     at Request.emit (events.js:169:7)
36 verbose stack     at IncomingMessage.<anonymous> (/usr/lib/node_modules/npm/node_modules/request/request.js:1009:12)
37 verbose statusCode 403
38 verbose pkgid node-swear
39 verbose cwd /home/azevedo/code/nodes/node-swear
40 error Linux 3.16.0-41-generic
41 error argv "/usr/bin/nodejs" "/usr/bin/npm" "publish"
42 error node v4.2.2
43 error npm  v3.4.1
44 error code E403
45 error "You cannot publish over the previously published version 1.0.0." : node-swear
46 error If you need help, you may report this error at:
46 error     <https://github.com/npm/npm/issues>
47 verbose exit [ 1, true ]
